<?xml version="1.0" encoding="utf-8"?>
<testsuites>
  <testsuite name="pytest" tests="3" failures="1" errors="0" skipped="1" time="0.123">
    <testcase classname="tests.test_math" name="test_add" time="0.010"/>
    <testcase classname="tests.test_math" name="test_subtract" time="0.008">
      <failure message="assert 1 == 2">Traceback: assert 1 == 2</failure>
    </testcase>
    <testcase classname="tests.test_math" name="test_skip" time="0.001">
      <skipped message="not implemented"/>
    </testcase>
  </testsuite>
</testsuites>
